{"C:\\Users\\Viane\\SAP007\\SAP007-data-lovers\\src\\data.js": {"path":"C:\\Users\\Viane\\SAP007\\SAP007-data-lovers\\src\\data.js","statementMap":{"0":{"start":{"line":1,"column":22},"end":{"line":9,"column":1}},"1":{"start":{"line":2,"column":18},"end":{"line":7,"column":4}},"2":{"start":{"line":3,"column":4},"end":{"line":5,"column":44}},"3":{"start":{"line":4,"column":6},"end":{"line":4,"column":46}},"4":{"start":{"line":5,"column":11},"end":{"line":5,"column":44}},"5":{"start":{"line":6,"column":4},"end":{"line":6,"column":42}},"6":{"start":{"line":8,"column":2},"end":{"line":8,"column":16}},"7":{"start":{"line":11,"column":26},"end":{"line":18,"column":1}},"8":{"start":{"line":12,"column":25},"end":{"line":12,"column":40}},"9":{"start":{"line":13,"column":2},"end":{"line":17,"column":3}},"10":{"start":{"line":14,"column":4},"end":{"line":14,"column":68}},"11":{"start":{"line":14,"column":42},"end":{"line":14,"column":66}},"12":{"start":{"line":16,"column":4},"end":{"line":16,"column":68}},"13":{"start":{"line":16,"column":42},"end":{"line":16,"column":66}},"14":{"start":{"line":20,"column":23},"end":{"line":23,"column":1}},"15":{"start":{"line":21,"column":29},"end":{"line":21,"column":64}},"16":{"start":{"line":22,"column":2},"end":{"line":22,"column":27}}},"fnMap":{"0":{"name":"(anonymous_0)","decl":{"start":{"line":1,"column":22},"end":{"line":1,"column":23}},"loc":{"start":{"line":1,"column":55},"end":{"line":9,"column":1}},"line":1},"1":{"name":"(anonymous_1)","decl":{"start":{"line":2,"column":36},"end":{"line":2,"column":37}},"loc":{"start":{"line":2,"column":46},"end":{"line":7,"column":3}},"line":2},"2":{"name":"(anonymous_2)","decl":{"start":{"line":11,"column":26},"end":{"line":11,"column":27}},"loc":{"start":{"line":11,"column":49},"end":{"line":18,"column":1}},"line":11},"3":{"name":"(anonymous_3)","decl":{"start":{"line":14,"column":31},"end":{"line":14,"column":32}},"loc":{"start":{"line":14,"column":42},"end":{"line":14,"column":66}},"line":14},"4":{"name":"(anonymous_4)","decl":{"start":{"line":16,"column":31},"end":{"line":16,"column":32}},"loc":{"start":{"line":16,"column":42},"end":{"line":16,"column":66}},"line":16},"5":{"name":"(anonymous_5)","decl":{"start":{"line":20,"column":23},"end":{"line":20,"column":24}},"loc":{"start":{"line":20,"column":43},"end":{"line":23,"column":1}},"line":20}},"branchMap":{"0":{"loc":{"start":{"line":3,"column":4},"end":{"line":5,"column":44}},"type":"if","locations":[{"start":{"line":3,"column":4},"end":{"line":5,"column":44}},{"start":{"line":5,"column":11},"end":{"line":5,"column":44}}],"line":3},"1":{"loc":{"start":{"line":13,"column":2},"end":{"line":17,"column":3}},"type":"if","locations":[{"start":{"line":13,"column":2},"end":{"line":17,"column":3}},{"start":{"line":15,"column":9},"end":{"line":17,"column":3}}],"line":13},"2":{"loc":{"start":{"line":14,"column":42},"end":{"line":14,"column":66}},"type":"cond-expr","locations":[{"start":{"line":14,"column":60},"end":{"line":14,"column":61}},{"start":{"line":14,"column":64},"end":{"line":14,"column":66}}],"line":14},"3":{"loc":{"start":{"line":16,"column":42},"end":{"line":16,"column":66}},"type":"cond-expr","locations":[{"start":{"line":16,"column":60},"end":{"line":16,"column":62}},{"start":{"line":16,"column":65},"end":{"line":16,"column":66}}],"line":16}},"s":{"0":1,"1":2,"2":8,"3":1,"4":7,"5":7,"6":2,"7":1,"8":2,"9":2,"10":1,"11":6,"12":1,"13":6,"14":1,"15":2,"16":2},"f":{"0":2,"1":8,"2":2,"3":6,"4":6,"5":2},"b":{"0":[1,7],"1":[1,1],"2":[3,3],"3":[3,3]},"_coverageSchema":"1a1c01bbd47fc00a2c39e90264f33305004495a9","hash":"2cd67f2edb865d149d84ee93b582b4eae534d3bd"}
}
