TN:
SF:src\data.js
FN:1,(anonymous_0)
FN:2,(anonymous_1)
FN:11,(anonymous_2)
FN:14,(anonymous_3)
FN:16,(anonymous_4)
FN:20,(anonymous_5)
FNF:6
FNH:6
FNDA:2,(anonymous_0)
FNDA:8,(anonymous_1)
FNDA:2,(anonymous_2)
FNDA:6,(anonymous_3)
FNDA:6,(anonymous_4)
FNDA:2,(anonymous_5)
DA:1,1
DA:2,2
DA:3,8
DA:4,1
DA:5,7
DA:6,7
DA:8,2
DA:11,1
DA:12,2
DA:13,2
DA:14,6
DA:16,6
DA:20,1
DA:21,2
DA:22,2
LF:15
LH:15
BRDA:3,0,0,1
BRDA:3,0,1,7
BRDA:13,1,0,1
BRDA:13,1,1,1
BRDA:14,2,0,3
BRDA:14,2,1,3
BRDA:16,3,0,3
BRDA:16,3,1,3
BRF:8
BRH:8
end_of_record
